* using log directory 'D:/R/课后作业3/seirPackage.Rcheck'
* using R version 4.3.0 (2023-04-21 ucrt)
* using platform: x86_64-w64-mingw32 (64-bit)
* R was compiled by
    gcc.exe (GCC) 12.2.0
    GNU Fortran (GCC) 12.2.0
* running under: Windows 11 x64 (build 22631)
* using session charset: UTF-8
* using options '--no-manual --as-cran'
* checking for file 'seirPackage/DESCRIPTION' ... OK
* checking extension type ... Package
* this is package 'seirPackage' version '0.1.0'
* package encoding: UTF-8
* checking package namespace information ... OK
* checking package dependencies ... OK
* checking if this is a source package ... OK
* checking if there is a namespace ... OK
* checking for executable files ... OK
* checking for hidden files and directories ... OK
* checking for portable file names ... OK
* checking serialization versions ... OK
* checking whether package 'seirPackage' can be installed ... ERROR
Installation failed.
See 'D:/R/课后作业3/seirPackage.Rcheck/00install.out' for details.
* DONE
Status: 1 ERROR
